<?xml version="1.0" encoding="UTF-8"?>
<!-- Generated by org.testng.reporters.JUnitReportReporter -->
<testsuite hostname="ATMECSINDT-088" failures="0" tests="2" name="com.bookotrip.roundtrip.BookingTest" time="22.229" errors="0" timestamp="05 Sep 2019 11:12:49 GMT" skipped="0">
  <testcase classname="com.bookotrip.roundtrip.BookingTest" name="roundTrip" time="7.367"/>
  <testcase classname="com.bookotrip.roundtrip.BookingTest" name="roundTrip" time="14.862"/>
</testsuite> <!-- com.bookotrip.roundtrip.BookingTest -->
