<?xml version="1.0" encoding="UTF-8"?>
<!-- Generated by org.testng.reporters.JUnitReportReporter -->
<testsuite hostname="ATMECSINDT-088" failures="0" tests="2" name="com.dataprovider.DataProvider.DataProviderTest" time="35.221" errors="0" timestamp="04 Sep 2019 13:05:24 GMT" skipped="0">
  <testcase classname="com.dataprovider.DataProvider.DataProviderTest" name="oneWayTest" time="25.469"/>
  <testcase classname="com.dataprovider.DataProvider.DataProviderTest" name="booking" time="9.752"/>
</testsuite> <!-- com.dataprovider.DataProvider.DataProviderTest -->
